<?xml version="1.0" encoding="UTF-8"?>
<testng-results ignored="0" total="5" passed="5" failed="0" skipped="0">
  <reporter-output>
    <line>
      <![CDATA[Launching the browser using the URL:=https://www.demoblaze.com/index.html]]>
    </line>
    <line>
      <![CDATA[Launching the browser using the URL:=https://www.demoblaze.com/index.html]]>
    </line>
    <line>
      <![CDATA[Launching the browser using the URL:=https://www.demoblaze.com/index.html]]>
    </line>
    <line>
      <![CDATA[Launching the browser using the URL:=https://www.demoblaze.com/index.html]]>
    </line>
    <line>
      <![CDATA[Launching the browser using the URL:=https://www.demoblaze.com/index.html]]>
    </line>
  </reporter-output>
  <suite started-at="2024-06-01T08:55:17 IST" name="Suite" finished-at="2024-06-01T08:56:02 IST" duration-ms="44827">
    <groups>
      <group name="cucumber">
        <method signature="AbstractTestNGCucumberTests.runScenario(io.cucumber.testng.PickleWrapper,io.cucumber.testng.FeatureWrapper)[pri:0, instance:runner.LoginTestRunner2@1184ab05]" name="runScenario" class="io.cucumber.testng.AbstractTestNGCucumberTests"/>
        <method signature="AbstractTestNGCucumberTests.runScenario(io.cucumber.testng.PickleWrapper,io.cucumber.testng.FeatureWrapper)[pri:0, instance:runner.LoginTestRunner@79b06cab]" name="runScenario" class="io.cucumber.testng.AbstractTestNGCucumberTests"/>
      </group> <!-- cucumber -->
    </groups>
    <test started-at="2024-06-01T08:55:17 IST" name="Test" finished-at="2024-06-01T08:56:02 IST" duration-ms="44827">
      <class name="runner.LoginTestRunner">
        <test-method is-config="true" signature="setUpClass(org.testng.ITestContext)[pri:0, instance:runner.LoginTestRunner@79b06cab]" started-at="2024-06-01T08:55:17 IST" name="setUpClass" finished-at="2024-06-01T08:55:18 IST" duration-ms="618" status="PASS">
          <params>
            <param index="0">
              <value>
                <![CDATA[org.testng.TestRunner@5cf3157b]]>
              </value>
            </param>
          </params>
          <reporter-output>
          </reporter-output>
        </test-method> <!-- setUpClass -->
        <test-method signature="runScenario(io.cucumber.testng.PickleWrapper,io.cucumber.testng.FeatureWrapper)[pri:0, instance:runner.LoginTestRunner@79b06cab]" started-at="2024-06-01T08:55:18 IST" name="runScenario" description="Runs Cucumber Scenarios" data-provider="scenarios" finished-at="2024-06-01T08:55:27 IST" duration-ms="9636" status="PASS">
          <params>
            <param index="0">
              <value>
                <![CDATA["Test invalid login functionaity"]]>
              </value>
            </param>
            <param index="1">
              <value>
                <![CDATA["Login module related test cases"]]>
              </value>
            </param>
          </params>
          <reporter-output>
            <line>
              <![CDATA[Launching the browser using the URL:=https://www.demoblaze.com/index.html]]>
            </line>
          </reporter-output>
        </test-method> <!-- runScenario -->
        <test-method is-config="true" signature="tearDownClass()[pri:0, instance:runner.LoginTestRunner@79b06cab]" started-at="2024-06-01T08:55:27 IST" name="tearDownClass" finished-at="2024-06-01T08:55:28 IST" duration-ms="68" status="PASS">
          <reporter-output>
          </reporter-output>
        </test-method> <!-- tearDownClass -->
      </class> <!-- runner.LoginTestRunner -->
      <class name="runner.LoginTestRunner2">
        <test-method is-config="true" signature="setUpClass(org.testng.ITestContext)[pri:0, instance:runner.LoginTestRunner2@1184ab05]" started-at="2024-06-01T08:55:28 IST" name="setUpClass" finished-at="2024-06-01T08:55:28 IST" duration-ms="23" status="PASS">
          <params>
            <param index="0">
              <value>
                <![CDATA[org.testng.TestRunner@5cf3157b]]>
              </value>
            </param>
          </params>
          <reporter-output>
          </reporter-output>
        </test-method> <!-- setUpClass -->
        <test-method signature="runScenario(io.cucumber.testng.PickleWrapper,io.cucumber.testng.FeatureWrapper)[pri:0, instance:runner.LoginTestRunner2@1184ab05]" started-at="2024-06-01T08:55:28 IST" name="runScenario" description="Runs Cucumber Scenarios" data-provider="scenarios" finished-at="2024-06-01T08:55:36 IST" duration-ms="8879" status="PASS">
          <params>
            <param index="0">
              <value>
                <![CDATA["Test valid login functionaity"]]>
              </value>
            </param>
            <param index="1">
              <value>
                <![CDATA["Login module related test cases"]]>
              </value>
            </param>
          </params>
          <reporter-output>
            <line>
              <![CDATA[Launching the browser using the URL:=https://www.demoblaze.com/index.html]]>
            </line>
          </reporter-output>
        </test-method> <!-- runScenario -->
        <test-method signature="runScenario(io.cucumber.testng.PickleWrapper,io.cucumber.testng.FeatureWrapper)[pri:0, instance:runner.LoginTestRunner2@1184ab05]" started-at="2024-06-01T08:55:36 IST" name="runScenario" description="Runs Cucumber Scenarios" data-provider="scenarios" finished-at="2024-06-01T08:55:45 IST" duration-ms="8446" status="PASS">
          <params>
            <param index="0">
              <value>
                <![CDATA["Test invalid login functionaity"]]>
              </value>
            </param>
            <param index="1">
              <value>
                <![CDATA["Login module related test cases"]]>
              </value>
            </param>
          </params>
          <reporter-output>
            <line>
              <![CDATA[Launching the browser using the URL:=https://www.demoblaze.com/index.html]]>
            </line>
          </reporter-output>
        </test-method> <!-- runScenario -->
        <test-method signature="runScenario(io.cucumber.testng.PickleWrapper,io.cucumber.testng.FeatureWrapper)[pri:0, instance:runner.LoginTestRunner2@1184ab05]" started-at="2024-06-01T08:55:45 IST" name="runScenario" description="Runs Cucumber Scenarios" data-provider="scenarios" finished-at="2024-06-01T08:55:54 IST" duration-ms="8697" status="PASS">
          <params>
            <param index="0">
              <value>
                <![CDATA["Test valid login functionaity"]]>
              </value>
            </param>
            <param index="1">
              <value>
                <![CDATA["Login module related test cases"]]>
              </value>
            </param>
          </params>
          <reporter-output>
            <line>
              <![CDATA[Launching the browser using the URL:=https://www.demoblaze.com/index.html]]>
            </line>
          </reporter-output>
        </test-method> <!-- runScenario -->
        <test-method signature="runScenario(io.cucumber.testng.PickleWrapper,io.cucumber.testng.FeatureWrapper)[pri:0, instance:runner.LoginTestRunner2@1184ab05]" started-at="2024-06-01T08:55:54 IST" name="runScenario" description="Runs Cucumber Scenarios" data-provider="scenarios" finished-at="2024-06-01T08:56:02 IST" duration-ms="8377" status="PASS">
          <params>
            <param index="0">
              <value>
                <![CDATA["Test valid login functionaity"]]>
              </value>
            </param>
            <param index="1">
              <value>
                <![CDATA["Login module related test cases"]]>
              </value>
            </param>
          </params>
          <reporter-output>
            <line>
              <![CDATA[Launching the browser using the URL:=https://www.demoblaze.com/index.html]]>
            </line>
          </reporter-output>
        </test-method> <!-- runScenario -->
        <test-method is-config="true" signature="tearDownClass()[pri:0, instance:runner.LoginTestRunner2@1184ab05]" started-at="2024-06-01T08:56:02 IST" name="tearDownClass" finished-at="2024-06-01T08:56:02 IST" duration-ms="32" status="PASS">
          <reporter-output>
          </reporter-output>
        </test-method> <!-- tearDownClass -->
      </class> <!-- runner.LoginTestRunner2 -->
    </test> <!-- Test -->
  </suite> <!-- Suite -->
</testng-results>
